D:\CWORKSPACE\MESSAGE\MESSAGE\DEBUG\MESSAGE.PCH
D:\CWORKSPACE\MESSAGE\MESSAGE\DEBUG\STDAFX.OBJ
D:\CWORKSPACE\MESSAGE\MESSAGE\DEBUG\VC110.PDB
D:\CWORKSPACE\MESSAGE\MESSAGE\DEBUG\MESSAGE.OBJ
D:\CWORKSPACE\MESSAGE\MESSAGE\DEBUG\MESSAGEDLG.OBJ
D:\CWORKSPACE\MESSAGE\DEBUG\MESSAGE.ILK
D:\CWORKSPACE\MESSAGE\DEBUG\MESSAGE.EXE
D:\CWORKSPACE\MESSAGE\DEBUG\MESSAGE.PDB
D:\CWORKSPACE\MESSAGE\MESSAGE\DEBUG\MESSAGE.RES
D:\Cworkspace\message\message\Debug\message.obj
D:\Cworkspace\message\message\Debug\messageDlg.obj
D:\Cworkspace\message\message\Debug\stdafx.obj
D:\Cworkspace\message\message\Debug\cl.command.1.tlog
D:\Cworkspace\message\message\Debug\CL.read.1.tlog
D:\Cworkspace\message\message\Debug\CL.write.1.tlog
D:\Cworkspace\message\message\Debug\link-cvtres.read.1.tlog
D:\Cworkspace\message\message\Debug\link-cvtres.write.1.tlog
D:\Cworkspace\message\message\Debug\link-mt.read.1.tlog
D:\Cworkspace\message\message\Debug\link-mt.write.1.tlog
D:\Cworkspace\message\message\Debug\link-rc.read.1.tlog
D:\Cworkspace\message\message\Debug\link-rc.write.1.tlog
D:\Cworkspace\message\message\Debug\link.888-cvtres.read.1.tlog
D:\Cworkspace\message\message\Debug\link.888-cvtres.write.1.tlog
D:\Cworkspace\message\message\Debug\link.888-mt.read.1.tlog
D:\Cworkspace\message\message\Debug\link.888-mt.write.1.tlog
D:\Cworkspace\message\message\Debug\link.888-rc.read.1.tlog
D:\Cworkspace\message\message\Debug\link.888-rc.write.1.tlog
D:\Cworkspace\message\message\Debug\link.888.read.1.tlog
D:\Cworkspace\message\message\Debug\link.888.write.1.tlog
D:\Cworkspace\message\message\Debug\link.command.1.tlog
D:\Cworkspace\message\message\Debug\link.read.1.tlog
D:\Cworkspace\message\message\Debug\link.write.1.tlog
D:\Cworkspace\message\message\Debug\rc.command.1.tlog
D:\Cworkspace\message\message\Debug\rc.read.1.tlog
D:\Cworkspace\message\message\Debug\rc.write.1.tlog
D:\Cworkspace\message\message\Debug\message.res
D:\Cworkspace\message\message\Debug\message.pch
D:\Cworkspace\message\message\Debug\vc110.idb
D:\Cworkspace\message\message\Debug\vc110.pdb
D:\Cworkspace\message\Debug\message.pdb
D:\Cworkspace\message\Debug\message.exe
D:\Cworkspace\message\Debug\message.ilk
