生成启动时间为 2017/8/11 15:16:09。
     1>项目“D:\Cworkspace\message\message\message.vcxproj”在节点 2 上(Rebuild 个目标)。
     1>ClCompile:
         E:\Program Files\Microsoft Visual Studio 11.0\VC\bin\CL.exe /c /ZI /nologo /W3 /WX- /sdl /Od /Oy- /D WIN32 /D _WINDOWS /D _DEBUG /D _UNICODE /D UNICODE /D _AFXDLL /Gm /EHsc /RTC1 /MDd /GS /fp:precise /Zc:wchar_t /Zc:forScope /Yc"stdafx.h" /Fp"Debug\message.pch" /Fo"Debug\\" /Fd"Debug\vc110.pdb" /Gd /TP /analyze- /errorReport:prompt stdafx.cpp
         stdafx.cpp
         E:\Program Files\Microsoft Visual Studio 11.0\VC\bin\CL.exe /c /ZI /nologo /W3 /WX- /sdl /Od /Oy- /D WIN32 /D _WINDOWS /D _DEBUG /D _UNICODE /D UNICODE /D _AFXDLL /Gm /EHsc /RTC1 /MDd /GS /fp:precise /Zc:wchar_t /Zc:forScope /Yu"stdafx.h" /Fp"Debug\message.pch" /Fo"Debug\\" /Fd"Debug\vc110.pdb" /Gd /TP /analyze- /errorReport:prompt message.cpp messageDlg.cpp
         messageDlg.cpp
         message.cpp
         正在生成代码...
       ResourceCompile:
         C:\Program Files\Windows Kits\8.0\bin\x86\rc.exe /D _DEBUG /D _UNICODE /D UNICODE /D _AFXDLL /l"0x0804" /IDebug\ /nologo /fo"Debug\message.res" message.rc 
       Link:
         E:\Program Files\Microsoft Visual Studio 11.0\VC\bin\link.exe /ERRORREPORT:PROMPT /OUT:"D:\Cworkspace\message\Debug\message.exe" /INCREMENTAL /NOLOGO /MANIFEST /MANIFESTUAC:"level='asInvoker' uiAccess='false'" /manifest:embed /manifestinput:"E:\Program Files\Microsoft Visual Studio 11.0\VC\Include\Manifest\dpiaware.manifest" /DEBUG /PDB:"D:\Cworkspace\message\Debug\message.pdb" /SUBSYSTEM:WINDOWS /TLBID:1 /ENTRY:"wWinMainCRTStartup" /DYNAMICBASE /NXCOMPAT /IMPLIB:"D:\Cworkspace\message\Debug\message.lib" /MACHINE:X86 Debug\message.res
         Debug\message.obj
         Debug\messageDlg.obj
         Debug\stdafx.obj
         message.vcxproj -> D:\Cworkspace\message\Debug\message.exe
     1>已完成生成项目“D:\Cworkspace\message\message\message.vcxproj”(Rebuild 个目标)的操作。

生成成功。

已用时间 00:00:17.78
