生成启动时间为 2017/8/22 11:31:01。
     1>项目“D:\Cworkspace\poscbApp\poscbApp\poscbApp.vcxproj”在节点 2 上(Rebuild 个目标)。
     1>C:\Program Files\MSBuild\Microsoft.Cpp\v4.0\V110\Microsoft.CppBuild.targets(346,5): warning MSB8004: Output Directory does not end with a trailing slash.  This build instance will add the slash as it is required to allow proper evaluation of the Output Directory.
     1>ClCompile:
         E:\Program Files\Microsoft Visual Studio 11.0\VC\bin\CL.exe /c /I"C:\Program Files\Microsoft SDKs\Speech\v11.0\Include" /Zi /nologo /W3 /WX- /sdl /O2 /Oi /Oy- /GL /D WIN32 /D _WINDOWS /D NDEBUG /D _MBCS /D _AFXDLL /Gm- /EHsc /MD /GS /Gy /fp:precise /Zc:wchar_t /Zc:forScope /Yc"stdafx.h" /Fp"Release\poscbApp.pch" /Fo"Release\\" /Fd"Release\vc110.pdb" /Gd /TP /analyze- /errorReport:prompt stdafx.cpp
         stdafx.cpp
         E:\Program Files\Microsoft Visual Studio 11.0\VC\bin\CL.exe /c /I"C:\Program Files\Microsoft SDKs\Speech\v11.0\Include" /Zi /nologo /W3 /WX- /sdl /O2 /Oi /Oy- /GL /D WIN32 /D _WINDOWS /D NDEBUG /D _MBCS /D _AFXDLL /Gm- /EHsc /MD /GS /Gy /fp:precise /Zc:wchar_t /Zc:forScope /Yu"stdafx.h" /Fp"Release\poscbApp.pch" /Fo"Release\\" /Fd"Release\vc110.pdb" /Gd /TP /analyze- /errorReport:prompt MyMessageDialog.cpp poscbApp.cpp poscbAppDlg.cpp
         MyMessageDialog.cpp
         poscbApp.cpp
         poscbAppDlg.cpp
     1>poscbAppDlg.cpp(217): warning C4244: “初始化”: 从“double”转换到“int”，可能丢失数据
     1>poscbAppDlg.cpp(424): warning C4018: “<”: 有符号/无符号不匹配
       ResourceCompile:
         C:\Program Files\Windows Kits\8.0\bin\x86\rc.exe /D NDEBUG /D _AFXDLL /l"0x0804" /IRelease\ /nologo /fo"Release\poscbApp.res" poscbApp.rc 
       Link:
         E:\Program Files\Microsoft Visual Studio 11.0\VC\bin\link.exe /ERRORREPORT:PROMPT /OUT:"C:\Users\Administrator\Desktop\ums\poscbApp.exe" /INCREMENTAL:NO /NOLOGO /LIBPATH:"C:\Program Files\Microsoft SDKs\Speech\v11.0\Lib" poscb.lib sqlite3.lib "C:\Program Files\Microsoft SDKs\Speech\v11.0\Lib\sapi.lib" Delayimp.lib /DEF:"sqlite3.def" /DELAYLOAD:sqlite3.dll /DELAYLOAD:poscb.dll /MANIFEST /MANIFESTUAC:"level='asInvoker' uiAccess='false'" /manifest:embed /manifestinput:"E:\Program Files\Microsoft Visual Studio 11.0\VC\Include\Manifest\dpiaware.manifest" /DEBUG /PDB:"C:\Users\Administrator\Desktop\ums\poscbApp.pdb" /SUBSYSTEM:WINDOWS /OPT:REF /OPT:ICF /LTCG /TLBID:1 /DYNAMICBASE /NXCOMPAT /IMPLIB:"C:\Users\Administrator\Desktop\ums\poscbApp.lib" /MACHINE:X86 /SAFESEH Release\poscbApp.res
         Release\MyMessageDialog.obj
         Release\poscbApp.obj
         Release\poscbAppDlg.obj
         Release\stdafx.obj
            正在创建库 C:\Users\Administrator\Desktop\ums\poscbApp.lib 和对象 C:\Users\Administrator\Desktop\ums\poscbApp.exp
         正在生成代码
         已完成代码的生成
         poscbApp.vcxproj -> C:\Users\Administrator\Desktop\ums\poscbApp.exe
     1>已完成生成项目“D:\Cworkspace\poscbApp\poscbApp\poscbApp.vcxproj”(Rebuild 个目标)的操作。

生成成功。

已用时间 00:00:10.21
