生成启动时间为 2017/8/23 10:38:25。
     1>项目“D:\Cworkspace\message\message\message.vcxproj”在节点 2 上(Rebuild 个目标)。
     1>C:\Program Files\MSBuild\Microsoft.Cpp\v4.0\V110\Microsoft.CppBuild.targets(346,5): warning MSB8004: Output Directory does not end with a trailing slash.  This build instance will add the slash as it is required to allow proper evaluation of the Output Directory.
     1>ClCompile:
         E:\Program Files\Microsoft Visual Studio 11.0\VC\bin\CL.exe /c /Zi /nologo /W3 /WX- /sdl /O2 /Oi /Oy- /GL /D WIN32 /D _WINDOWS /D NDEBUG /D _UNICODE /D UNICODE /D _AFXDLL /Gm- /EHsc /MD /GS /Gy /fp:precise /Zc:wchar_t /Zc:forScope /Yc"stdafx.h" /Fp"Release\message.pch" /Fo"Release\\" /Fd"Release\vc110.pdb" /Gd /TP /analyze- /errorReport:prompt stdafx.cpp
         stdafx.cpp
         E:\Program Files\Microsoft Visual Studio 11.0\VC\bin\CL.exe /c /Zi /nologo /W3 /WX- /sdl /O2 /Oi /Oy- /GL /D WIN32 /D _WINDOWS /D NDEBUG /D _UNICODE /D UNICODE /D _AFXDLL /Gm- /EHsc /MD /GS /Gy /fp:precise /Zc:wchar_t /Zc:forScope /Yu"stdafx.h" /Fp"Release\message.pch" /Fo"Release\\" /Fd"Release\vc110.pdb" /Gd /TP /analyze- /errorReport:prompt message.cpp messageDlg.cpp
         message.cpp
         messageDlg.cpp
       ResourceCompile:
         C:\Program Files\Windows Kits\8.0\bin\x86\rc.exe /D NDEBUG /D _UNICODE /D UNICODE /D _AFXDLL /l"0x0804" /IRelease\ /nologo /fo"Release\message.res" message.rc 
       Link:
         E:\Program Files\Microsoft Visual Studio 11.0\VC\bin\link.exe /ERRORREPORT:PROMPT /OUT:"C:\Users\Administrator\Desktop\ums\message.exe" /INCREMENTAL:NO /NOLOGO /MANIFEST /MANIFESTUAC:"level='asInvoker' uiAccess='false'" /manifest:embed /manifestinput:"E:\Program Files\Microsoft Visual Studio 11.0\VC\Include\Manifest\dpiaware.manifest" /DEBUG /PDB:"C:\Users\Administrator\Desktop\ums\message.pdb" /SUBSYSTEM:WINDOWS /OPT:REF /OPT:ICF /LTCG /TLBID:1 /ENTRY:"wWinMainCRTStartup" /DYNAMICBASE /NXCOMPAT /IMPLIB:"C:\Users\Administrator\Desktop\ums\message.lib" /MACHINE:X86 /SAFESEH Release\message.res
         Release\message.obj
         Release\messageDlg.obj
         Release\stdafx.obj
         正在生成代码
         已完成代码的生成
         message.vcxproj -> C:\Users\Administrator\Desktop\ums\message.exe
     1>已完成生成项目“D:\Cworkspace\message\message\message.vcxproj”(Rebuild 个目标)的操作。

生成成功。

已用时间 00:00:12.02
