生成启动时间为 2017/8/25 9:36:37。
     1>项目“D:\Cworkspace\sqliteApp\sqliteApp\sqliteApp.vcxproj”在节点 2 上(Rebuild 个目标)。
     1>C:\Program Files\MSBuild\Microsoft.Cpp\v4.0\V110\Microsoft.CppBuild.targets(346,5): warning MSB8004: Output Directory does not end with a trailing slash.  This build instance will add the slash as it is required to allow proper evaluation of the Output Directory.
     1>ClCompile:
         E:\Program Files\Microsoft Visual Studio 11.0\VC\bin\CL.exe /c /Zi /nologo /W3 /WX- /sdl /O2 /Oi /Oy- /GL /D WIN32 /D _WINDOWS /D NDEBUG /D _MBCS /D _AFXDLL /Gm- /EHsc /MD /GS /Gy /fp:precise /Zc:wchar_t /Zc:forScope /Yc"stdafx.h" /Fp"Release\sqliteApp.pch" /Fo"Release\\" /Fd"Release\vc110.pdb" /Gd /TP /analyze- /errorReport:prompt stdafx.cpp
         stdafx.cpp
         E:\Program Files\Microsoft Visual Studio 11.0\VC\bin\CL.exe /c /Zi /nologo /W3 /WX- /sdl /O2 /Oi /Oy- /GL /D WIN32 /D _WINDOWS /D NDEBUG /D _MBCS /D _AFXDLL /Gm- /EHsc /MD /GS /Gy /fp:precise /Zc:wchar_t /Zc:forScope /Yu"stdafx.h" /Fp"Release\sqliteApp.pch" /Fo"Release\\" /Fd"Release\vc110.pdb" /Gd /TP /analyze- /errorReport:prompt MessageDialog.cpp sqliteApp.cpp sqliteAppDlg.cpp
         MessageDialog.cpp
         sqliteApp.cpp
         sqliteAppDlg.cpp
       ResourceCompile:
         C:\Program Files\Windows Kits\8.0\bin\x86\rc.exe /D NDEBUG /D _AFXDLL /l"0x0804" /IRelease\ /nologo /fo"Release\sqliteApp.res" sqliteApp.rc 
       Link:
         E:\Program Files\Microsoft Visual Studio 11.0\VC\bin\link.exe /ERRORREPORT:PROMPT /OUT:"C:\Users\Administrator\Desktop\ums\sqliteApp.exe" /INCREMENTAL:NO /NOLOGO sqlite3.lib Delayimp.lib /DEF:"sqlite3.def" /DELAYLOAD:sqlite3.dll /MANIFEST /MANIFESTUAC:"level='asInvoker' uiAccess='false'" /manifest:embed /manifestinput:"E:\Program Files\Microsoft Visual Studio 11.0\VC\Include\Manifest\dpiaware.manifest" /DEBUG /PDB:"C:\Users\Administrator\Desktop\ums\sqliteApp.pdb" /SUBSYSTEM:WINDOWS /OPT:REF /OPT:ICF /LTCG /TLBID:1 /DYNAMICBASE /NXCOMPAT /IMPLIB:"C:\Users\Administrator\Desktop\ums\sqliteApp.lib" /MACHINE:X86 /SAFESEH Release\sqliteApp.res
         Release\MessageDialog.obj
         Release\sqliteApp.obj
         Release\sqliteAppDlg.obj
         Release\stdafx.obj
            正在创建库 C:\Users\Administrator\Desktop\ums\sqliteApp.lib 和对象 C:\Users\Administrator\Desktop\ums\sqliteApp.exp
         正在生成代码
         已完成代码的生成
         sqliteApp.vcxproj -> C:\Users\Administrator\Desktop\ums\sqliteApp.exe
     1>已完成生成项目“D:\Cworkspace\sqliteApp\sqliteApp\sqliteApp.vcxproj”(Rebuild 个目标)的操作。

生成成功。

已用时间 00:00:17.87
